<?xml version="1.0" encoding="UTF-8"?>
<testng-results ignored="0" total="2" passed="2" failed="0" skipped="0">
  <reporter-output>
  </reporter-output>
  <suite started-at="2020-11-13T14:40:50 EST" name="Default suite" finished-at="2020-11-13T14:40:54 EST" duration-ms="3795">
    <groups>
    </groups>
    <test started-at="2020-11-13T14:40:50 EST" name="Default test" finished-at="2020-11-13T14:40:54 EST" duration-ms="3795">
      <class name="sw409.RestAssuredDemo.RestDemoTest">
        <test-method signature="getUser()[pri:0, instance:sw409.RestAssuredDemo.RestDemoTest@a1cdc6d]" started-at="2020-11-13T14:40:50 EST" name="getUser" finished-at="2020-11-13T14:40:53 EST" duration-ms="2731" status="PASS">
          <reporter-output>
          </reporter-output>
        </test-method> <!-- getUser -->
        <test-method signature="testAddCuster()[pri:0, instance:sw409.RestAssuredDemo.RestDemoTest@a1cdc6d]" started-at="2020-11-13T14:40:53 EST" name="testAddCuster" finished-at="2020-11-13T14:40:54 EST" duration-ms="1029" status="PASS">
          <reporter-output>
          </reporter-output>
        </test-method> <!-- testAddCuster -->
      </class> <!-- sw409.RestAssuredDemo.RestDemoTest -->
    </test> <!-- Default test -->
  </suite> <!-- Default suite -->
</testng-results>
